Determining if the pthread_create exist failed with the following output:
Change Dir: /volume-map/LidatObstacleDetection/src/quiz/cluster/build/CMakeFiles/CMakeTmp

Run Build Command:"/usr/bin/make" "cmTC_87a5e/fast"
/usr/bin/make -f CMakeFiles/cmTC_87a5e.dir/build.make CMakeFiles/cmTC_87a5e.dir/build
make[1]: Entering directory '/volume-map/LidatObstacleDetection/src/quiz/cluster/build/CMakeFiles/CMakeTmp'
Building C object CMakeFiles/cmTC_87a5e.dir/CheckSymbolExists.c.o
/usr/bin/cc     -o CMakeFiles/cmTC_87a5e.dir/CheckSymbolExists.c.o   -c /volume-map/LidatObstacleDetection/src/quiz/cluster/build/CMakeFiles/CMakeTmp/CheckSymbolExists.c
Linking C executable cmTC_87a5e
/usr/bin/cmake -E cmake_link_script CMakeFiles/cmTC_87a5e.dir/link.txt --verbose=1
/usr/bin/cc       CMakeFiles/cmTC_87a5e.dir/CheckSymbolExists.c.o  -o cmTC_87a5e -rdynamic 
CMakeFiles/cmTC_87a5e.dir/CheckSymbolExists.c.o: In function `main':
CheckSymbolExists.c:(.text+0x16): undefined reference to `pthread_create'
collect2: error: ld returned 1 exit status
CMakeFiles/cmTC_87a5e.dir/build.make:97: recipe for target 'cmTC_87a5e' failed
make[1]: *** [cmTC_87a5e] Error 1
make[1]: Leaving directory '/volume-map/LidatObstacleDetection/src/quiz/cluster/build/CMakeFiles/CMakeTmp'
Makefile:126: recipe for target 'cmTC_87a5e/fast' failed
make: *** [cmTC_87a5e/fast] Error 2

File /volume-map/LidatObstacleDetection/src/quiz/cluster/build/CMakeFiles/CMakeTmp/CheckSymbolExists.c:
/* */
#include <pthread.h>

int main(int argc, char** argv)
{
  (void)argv;
#ifndef pthread_create
  return ((int*)(&pthread_create))[argc];
#else
  (void)argc;
  return 0;
#endif
}

Determining if the function pthread_create exists in the pthreads failed with the following output:
Change Dir: /volume-map/LidatObstacleDetection/src/quiz/cluster/build/CMakeFiles/CMakeTmp

Run Build Command:"/usr/bin/make" "cmTC_aea9f/fast"
/usr/bin/make -f CMakeFiles/cmTC_aea9f.dir/build.make CMakeFiles/cmTC_aea9f.dir/build
make[1]: Entering directory '/volume-map/LidatObstacleDetection/src/quiz/cluster/build/CMakeFiles/CMakeTmp'
Building C object CMakeFiles/cmTC_aea9f.dir/CheckFunctionExists.c.o
/usr/bin/cc    -DCHECK_FUNCTION_EXISTS=pthread_create   -o CMakeFiles/cmTC_aea9f.dir/CheckFunctionExists.c.o   -c /usr/share/cmake-3.5/Modules/CheckFunctionExists.c
Linking C executable cmTC_aea9f
/usr/bin/cmake -E cmake_link_script CMakeFiles/cmTC_aea9f.dir/link.txt --verbose=1
/usr/bin/cc   -DCHECK_FUNCTION_EXISTS=pthread_create    CMakeFiles/cmTC_aea9f.dir/CheckFunctionExists.c.o  -o cmTC_aea9f -rdynamic -lpthreads 
/usr/bin/ld: cannot find -lpthreads
collect2: error: ld returned 1 exit status
CMakeFiles/cmTC_aea9f.dir/build.make:97: recipe for target 'cmTC_aea9f' failed
make[1]: *** [cmTC_aea9f] Error 1
make[1]: Leaving directory '/volume-map/LidatObstacleDetection/src/quiz/cluster/build/CMakeFiles/CMakeTmp'
Makefile:126: recipe for target 'cmTC_aea9f/fast' failed
make: *** [cmTC_aea9f/fast] Error 2


